{
  "RSpec": {
    "coverage": {
      "/Users/andela/Desktop/projects/cutit/app/models/url.rb": [
        1,
        1,
        1,
        null,
        1,
        null,
        1,
        null,
        1,
        null,
        null,
        null,
        1,
        1,
        null,
        1,
        5,
        null,
        null,
        1,
        6,
        null,
        null,
        1,
        8,
        null,
        1,
        1,
        1,
        null,
        1,
        null,
        null,
        1,
        8,
        null,
        null,
        1,
        9,
        null,
        null
      ],
      "/Users/andela/Desktop/projects/cutit/app/models/user.rb": [
        1,
        1,
        null,
        1,
        1,
        null,
        null,
        1,
        null,
        16,
        1,
        null,
        1,
        6,
        null,
        null
      ],
      "/Users/andela/Desktop/projects/cutit/app/helpers/application_helper.rb": [
        1,
        1,
        0,
        null,
        null
      ],
      "/Users/andela/Desktop/projects/cutit/app/helpers/message_helper.rb": [
        1,
        1,
        0,
        null,
        null,
        1,
        0,
        null,
        null,
        1,
        0,
        null,
        null,
        1,
        6,
        null,
        null,
        1,
        1,
        null,
        null,
        1,
        1,
        null,
        null,
        1,
        0,
        null,
        null
      ],
      "/Users/andela/Desktop/projects/cutit/app/helpers/sessions_helper.rb": [
        1,
        1,
        8,
        null,
        null,
        1,
        51,
        null,
        null,
        1,
        44,
        null,
        null,
        1,
        2,
        2,
        null,
        null
      ],
      "/Users/andela/Desktop/projects/cutit/app/helpers/urls_helper.rb": [
        1,
        null
      ],
      "/Users/andela/Desktop/projects/cutit/app/helpers/users_helper.rb": [
        1,
        null
      ],
      "/Users/andela/Desktop/projects/cutit/app/controllers/sessions_controller.rb": [
        1,
        null,
        1,
        1,
        null,
        1,
        null,
        1,
        null,
        null,
        1,
        9,
        9,
        3,
        3,
        null,
        6,
        6,
        null,
        null,
        null,
        1,
        2,
        2,
        null,
        null
      ],
      "/Users/andela/Desktop/projects/cutit/app/controllers/application_controller.rb": [
        1,
        null,
        null,
        1,
        1,
        null,
        1,
        8,
        null,
        null,
        1,
        18,
        null,
        null,
        1,
        0,
        0,
        null,
        null,
        null,
        null,
        null,
        null,
        null,
        null,
        1,
        null,
        1,
        0,
        null,
        null
      ],
      "/Users/andela/Desktop/projects/cutit/app/controllers/urls_controller.rb": [
        1,
        null,
        1,
        1,
        null,
        1,
        1,
        1,
        null,
        1,
        5,
        5,
        5,
        null,
        null,
        1,
        2,
        null,
        null,
        null,
        1,
        4,
        4,
        null,
        null,
        null,
        1,
        null,
        null,
        1,
        1,
        1,
        null,
        1,
        1,
        1,
        null,
        0,
        null,
        null,
        1,
        1,
        null,
        null,
        1,
        0,
        0,
        null,
        null,
        0,
        null,
        null,
        null,
        null,
        1,
        0,
        null,
        0,
        null,
        null,
        null,
        1,
        0,
        null,
        0,
        null,
        0,
        null,
        0,
        0,
        null,
        0,
        null,
        null,
        null,
        1,
        null,
        null,
        1,
        null,
        null,
        1,
        null,
        1,
        3,
        null,
        null,
        1,
        1,
        null,
        null
      ],
      "/Users/andela/Desktop/projects/cutit/app/controllers/users_controller.rb": [
        1,
        1,
        null,
        1,
        6,
        null,
        null,
        1,
        9,
        9,
        5,
        5,
        null,
        4,
        null,
        null,
        null,
        1,
        null,
        1,
        9,
        null,
        null,
        null
      ],
      "/Users/andela/Desktop/projects/cutit/app/models/visit.rb": [
        1,
        1,
        null
      ],
      "/Users/andela/Desktop/projects/cutit/app/controllers/visits_controller.rb": [
        0,
        0
      ]
    },
    "timestamp": 1468375534
  }
}
