{
  "RSpec": {
    "coverage": {
      "/Users/andela/Desktop/projects/cutit/app/models/url.rb": [
        1,
        1,
        1,
        null,
        1,
        null,
        1,
        null,
        1,
        null,
        null,
        null,
        1,
        1,
        null,
        2,
        2,
        null,
        1,
        7,
        null,
        0,
        0,
        0,
        0,
        null,
        null,
        1,
        7,
        null,
        null,
        1,
        7,
        null,
        null
      ],
      "/Users/andela/Desktop/projects/cutit/app/models/user.rb": [
        1,
        2,
        null,
        2,
        null,
        1,
        1,
        null,
        null,
        1,
        1,
        null,
        1,
        null
      ],
      "/Users/andela/Desktop/projects/cutit/app/helpers/application_helper.rb": [
        1,
        1,
        0,
        null,
        null
      ],
      "/Users/andela/Desktop/projects/cutit/app/helpers/message_helper.rb": [
        1,
        1,
        0,
        null,
        null,
        1,
        0,
        null,
        null,
        1,
        0,
        null,
        null,
        1,
        0,
        null,
        null,
        1,
        7,
        null,
        null,
        1,
        7,
        null,
        null,
        1,
        2,
        null,
        null
      ],
      "/Users/andela/Desktop/projects/cutit/app/helpers/sessions_helper.rb": [
        1,
        1,
        0,
        null,
        null,
        1,
        30,
        null,
        null,
        1,
        20,
        null,
        null,
        1,
        0,
        0,
        null,
        null
      ],
      "/Users/andela/Desktop/projects/cutit/app/helpers/urls_helper.rb": [
        1,
        null
      ],
      "/Users/andela/Desktop/projects/cutit/app/helpers/users_helper.rb": [
        1,
        null
      ],
      "/Users/andela/Desktop/projects/cutit/app/controllers/urls_controller.rb": [
        1,
        null,
        1,
        1,
        null,
        1,
        1,
        1,
        null,
        1,
        1,
        1,
        1,
        null,
        null,
        1,
        0,
        0,
        null,
        null,
        null,
        1,
        1,
        1,
        null,
        null,
        null,
        1,
        null,
        null,
        1,
        9,
        9,
        null,
        9,
        7,
        7,
        null,
        2,
        null,
        null,
        9,
        9,
        null,
        null,
        1,
        0,
        0,
        null,
        null,
        0,
        null,
        null,
        null,
        null,
        1,
        0,
        0,
        null,
        null,
        1,
        0,
        0,
        null,
        0,
        null,
        0,
        0,
        0,
        0,
        null,
        0,
        null,
        null,
        null,
        1,
        null,
        null,
        1,
        null,
        null,
        1,
        null,
        1,
        0,
        null,
        null,
        1,
        9,
        null,
        null,
        1,
        0,
        0,
        0,
        null,
        null
      ],
      "/Users/andela/Desktop/projects/cutit/app/controllers/application_controller.rb": [
        1,
        null,
        null,
        1,
        1,
        null,
        1,
        10,
        null,
        null,
        1,
        10,
        null,
        null,
        1,
        0,
        0,
        null,
        null,
        null,
        null,
        null,
        null,
        null,
        null,
        1,
        null,
        1,
        0,
        null,
        null
      ],
      "/Users/andela/Desktop/projects/cutit/app/controllers/sessions_controller.rb": [
        0,
        0,
        0,
        0,
        0,
        0,
        0,
        0,
        0,
        0,
        0,
        0,
        0,
        0,
        0,
        0,
        0,
        0,
        0,
        0,
        0,
        0,
        0,
        0,
        0,
        0
      ],
      "/Users/andela/Desktop/projects/cutit/app/controllers/users_controller.rb": [
        0,
        0,
        0,
        0,
        0,
        0,
        0,
        0,
        0,
        0,
        0,
        0,
        0,
        0,
        0,
        0,
        0,
        0,
        0,
        0,
        0,
        0,
        0,
        0
      ],
      "/Users/andela/Desktop/projects/cutit/app/controllers/visits_controller.rb": [
        0,
        0
      ],
      "/Users/andela/Desktop/projects/cutit/app/models/visit.rb": [
        0,
        0,
        0
      ]
    },
    "timestamp": 1468157107
  }
}
